{"C:\\Users\\magdi\\OneDrive\\Desktop\\Repos\\vite-project\\proyect02025mag\\src\\components\\test\\suma.js": {"path":"C:\\Users\\magdi\\OneDrive\\Desktop\\Repos\\vite-project\\proyect02025mag\\src\\components\\test\\suma.js","statementMap":{"0":{"start":{"line":3,"column":4},"end":{"line":3,"column":17}},"1":{"start":{"line":5,"column":0},"end":{"line":5,"column":22}}},"fnMap":{"0":{"name":"suma","decl":{"start":{"line":2,"column":9},"end":{"line":2,"column":13}},"loc":{"start":{"line":2,"column":20},"end":{"line":4,"column":1}},"line":2}},"branchMap":{},"s":{"0":1,"1":1},"f":{"0":1},"b":{},"_coverageSchema":"1a1c01bbd47fc00a2c39e90264f33305004495a9","hash":"db78ecd034c186d4f7d7df4ce6ea7e8c605dabb0"}
}
