TN:
SF:src\components\test\registroProducto.js
FN:1,registroProducto
FNF:1
FNH:1
FNDA:5,registroProducto
DA:2,5
DA:3,5
DA:4,1
DA:7,4
DA:8,4
DA:9,0
DA:12,4
DA:13,1
DA:16,3
DA:17,1
DA:20,2
DA:21,1
DA:23,1
DA:25,1
LF:14
LH:13
BRDA:2,0,0,5
BRDA:2,0,1,0
BRDA:3,1,0,1
BRDA:3,1,1,4
BRDA:3,2,0,5
BRDA:3,2,1,4
BRDA:3,2,2,4
BRDA:8,3,0,0
BRDA:8,3,1,4
BRDA:12,4,0,1
BRDA:12,4,1,3
BRDA:12,5,0,4
BRDA:12,5,1,4
BRDA:16,6,0,1
BRDA:16,6,1,2
BRDA:16,7,0,3
BRDA:16,7,1,3
BRDA:20,8,0,1
BRDA:20,8,1,1
BRDA:20,9,0,2
BRDA:20,9,1,1
BRF:21
BRH:19
end_of_record
